<?xml version="1.0" encoding="UTF-8"?>
<!-- Generated by org.testng.reporters.JUnitXMLReporter -->
<testsuite ignored="0" hostname="LAPTOP-06GFGGBP" failures="0" tests="4" name="Test" time="19.245" errors="0" timestamp="2025-02-25T21:16:35 IST">
  <testcase classname="Tiara.TiaraE2ETest" name="customerRegistration" time="1.072"/>
  <testcase classname="Tiara.TiaraE2ETest" name="emailErrorValidation" time="0.735"/>
  <testcase classname="Tiara.loginthruGmail" name="gmailLogin" time="2.59"/>
  <testcase classname="Tiara.orderProds" name="orderProdstoCart" time="5.832"/>
</testsuite> <!-- Test -->
