<?xml version="1.0" encoding="UTF-8"?>
<testng-results ignored="0" total="2" passed="2" failed="0" skipped="0">
  <reporter-output>
  </reporter-output>
  <suite started-at="2025-02-12T20:42:39 IST" name="Surefire suite" finished-at="2025-02-12T20:42:48 IST" duration-ms="8965">
    <groups>
    </groups>
    <test started-at="2025-02-12T20:42:39 IST" name="Surefire test" finished-at="2025-02-12T20:42:48 IST" duration-ms="8965">
      <class name="Tiara.TiaraE2ETest">
        <test-method is-config="true" signature="launchApplication()[pri:0, instance:Tiara.TiaraE2ETest@36c88a32]" started-at="2025-02-12T20:42:39 IST" name="launchApplication" finished-at="2025-02-12T20:42:42 IST" duration-ms="3176" status="PASS">
          <reporter-output>
          </reporter-output>
        </test-method> <!-- launchApplication -->
        <test-method signature="customerRegistration(java.lang.String,java.lang.String,java.lang.String,java.lang.String,java.lang.String)[pri:0, instance:Tiara.TiaraE2ETest@36c88a32]" started-at="2025-02-12T20:42:42 IST" name="customerRegistration" data-provider="getData" finished-at="2025-02-12T20:42:44 IST" duration-ms="1799" status="PASS">
          <params>
            <param index="0">
              <value>
                <![CDATA[Shrinidhi]]>
              </value>
            </param>
            <param index="1">
              <value>
                <![CDATA[shivakumarn2@gmail.com]]>
              </value>
            </param>
            <param index="2">
              <value>
                <![CDATA[9741275767]]>
              </value>
            </param>
            <param index="3">
              <value>
                <![CDATA[]]>
              </value>
            </param>
            <param index="4">
              <value>
                <![CDATA[Nidhi6@us1234]]>
              </value>
            </param>
          </params>
          <reporter-output>
          </reporter-output>
        </test-method> <!-- customerRegistration -->
        <test-method is-config="true" signature="tearDown()[pri:0, instance:Tiara.TiaraE2ETest@36c88a32]" started-at="2025-02-12T20:42:44 IST" name="tearDown" finished-at="2025-02-12T20:42:44 IST" duration-ms="167" status="PASS">
          <reporter-output>
          </reporter-output>
        </test-method> <!-- tearDown -->
        <test-method is-config="true" signature="launchApplication()[pri:0, instance:Tiara.TiaraE2ETest@36c88a32]" started-at="2025-02-12T20:42:44 IST" name="launchApplication" finished-at="2025-02-12T20:42:46 IST" duration-ms="2030" status="PASS">
          <reporter-output>
          </reporter-output>
        </test-method> <!-- launchApplication -->
        <test-method signature="emailErrorValidation(java.lang.String,java.lang.String,java.lang.String,java.lang.String,java.lang.String)[pri:0, instance:Tiara.TiaraE2ETest@36c88a32]" started-at="2025-02-12T20:42:46 IST" name="emailErrorValidation" data-provider="getData1" finished-at="2025-02-12T20:42:48 IST" duration-ms="1581" status="PASS">
          <params>
            <param index="0">
              <value>
                <![CDATA[Shrinidhi]]>
              </value>
            </param>
            <param index="1">
              <value>
                <![CDATA[sh]]>
              </value>
            </param>
            <param index="2">
              <value>
                <![CDATA[9741275767]]>
              </value>
            </param>
            <param index="3">
              <value>
                <![CDATA[Nidhi6@us1234]]>
              </value>
            </param>
            <param index="4">
              <value>
                <![CDATA[Nidhi6@us1234]]>
              </value>
            </param>
          </params>
          <reporter-output>
          </reporter-output>
        </test-method> <!-- emailErrorValidation -->
        <test-method is-config="true" signature="tearDown()[pri:0, instance:Tiara.TiaraE2ETest@36c88a32]" started-at="2025-02-12T20:42:48 IST" name="tearDown" finished-at="2025-02-12T20:42:48 IST" duration-ms="163" status="PASS">
          <reporter-output>
          </reporter-output>
        </test-method> <!-- tearDown -->
      </class> <!-- Tiara.TiaraE2ETest -->
    </test> <!-- Surefire test -->
  </suite> <!-- Surefire suite -->
</testng-results>
